<?xml version="1.0" encoding="UTF-8"?>
<testng-results skipped="0" failed="0" ignored="0" total="1" passed="1">
  <reporter-output>
  </reporter-output>
  <suite name="Suite" duration-ms="24290" started-at="2018-12-21T17:43:44Z" finished-at="2018-12-21T17:44:08Z">
    <groups>
      <group name="cucumber">
        <method signature="AbstractTestNGCucumberTests.feature(cucumber.api.testng.CucumberFeatureWrapper)[pri:0, instance:sdet.cucumber.TestRunner@464bee09]" name="feature" class="cucumber.api.testng.AbstractTestNGCucumberTests"/>
      </group> <!-- cucumber -->
    </groups>
    <test name="Test" duration-ms="24290" started-at="2018-12-21T17:43:44Z" finished-at="2018-12-21T17:44:08Z">
      <class name="sdet.cucumber.TestRunner">
        <test-method status="PASS" signature="setUpClass()[pri:0, instance:sdet.cucumber.TestRunner@464bee09]" name="setUpClass" is-config="true" duration-ms="290" started-at="2018-12-21T17:43:44Z" finished-at="2018-12-21T17:43:44Z">
          <reporter-output>
          </reporter-output>
        </test-method> <!-- setUpClass -->
        <test-method status="PASS" signature="feature(cucumber.api.testng.CucumberFeatureWrapper)[pri:0, instance:sdet.cucumber.TestRunner@464bee09]" name="feature" duration-ms="23858" started-at="2018-12-21T17:43:44Z" description="Runs Cucumber Feature" data-provider="features" finished-at="2018-12-21T17:44:08Z">
          <params>
            <param index="0">
              <value>
                <![CDATA[DDT Testing of the Login Functionality of the application with Invalid credentials]]>
              </value>
            </param>
          </params>
          <reporter-output>
          </reporter-output>
        </test-method> <!-- feature -->
        <test-method status="PASS" signature="tearDownClass()[pri:0, instance:sdet.cucumber.TestRunner@464bee09]" name="tearDownClass" is-config="true" duration-ms="14" started-at="2018-12-21T17:44:08Z" finished-at="2018-12-21T17:44:08Z">
          <reporter-output>
          </reporter-output>
        </test-method> <!-- tearDownClass -->
      </class> <!-- sdet.cucumber.TestRunner -->
    </test> <!-- Test -->
  </suite> <!-- Suite -->
</testng-results>
